#
# There is insufficient memory for the Java Runtime Environment to continue.
# Native memory allocation (malloc) failed to allocate 396384 bytes for Chunk::new
# Possible reasons:
#   The system is out of physical RAM or swap space
#   In 32 bit mode, the process size limit was hit
# Possible solutions:
#   Reduce memory load on the system
#   Increase physical memory or swap space
#   Check if swap backing store is full
#   Use 64 bit Java on a 64 bit OS
#   Decrease Java heap size (-Xmx/-Xms)
#   Decrease number of Java threads
#   Decrease Java thread stack sizes (-Xss)
#   Set larger code cache with -XX:ReservedCodeCacheSize=
# This output file may be truncated or incomplete.
#
#  Out of Memory Error (allocation.cpp:390), pid=25072, tid=0x00000000000052b8
#
# JRE version: Java(TM) SE Runtime Environment (8.0_181-b13) (build 1.8.0_181-b13)
# Java VM: Java HotSpot(TM) 64-Bit Server VM (25.181-b13 mixed mode windows-amd64 compressed oops)
# Failed to write core dump. Minidumps are not enabled by default on client versions of Windows
#

---------------  T H R E A D  ---------------

Current thread (0x0000000017e9e000):  JavaThread "C2 CompilerThread1" daemon [_thread_in_native, id=21176, stack(0x0000000019600000,0x0000000019700000)]

Stack: [0x0000000019600000,0x0000000019700000]
[error occurred during error reporting (printing stack bounds), id 0xc0000005]

Native frames: (J=compiled Java code, j=interpreted, Vv=VM code, C=native code)


Current CompileTask:
C2:   7252 1374       4       java.io.WinNTFileSystem::normalize (143 bytes)


---------------  P R O C E S S  ---------------

Java Threads: ( => current thread )
  0x000000001c0dd800 JavaThread "Image Fetcher 0" daemon [_thread_blocked, id=24720, stack(0x000000001e6a0000,0x000000001e7a0000)]
  0x000000001c255000 JavaThread "TimerQueue" daemon [_thread_blocked, id=19124, stack(0x000000001e5a0000,0x000000001e6a0000)]
  0x000000001a6fe000 JavaThread "AWT-EventQueue-0" [_thread_blocked, id=19768, stack(0x000000001d020000,0x000000001d120000)]
  0x000000001a3a6800 JavaThread "AWT-Windows" daemon [_thread_in_native, id=8476, stack(0x000000001aa60000,0x000000001ab60000)]
  0x000000001a3a6000 JavaThread "AWT-Shutdown" [_thread_blocked, id=13116, stack(0x000000001a960000,0x000000001aa60000)]
  0x000000001a35f000 JavaThread "Java2D Disposer" daemon [_thread_blocked, id=11848, stack(0x000000001a860000,0x000000001a960000)]
  0x0000000017eec800 JavaThread "Service Thread" daemon [_thread_blocked, id=24660, stack(0x0000000019c00000,0x0000000019d00000)]
  0x0000000019718800 JavaThread "C1 CompilerThread2" daemon [_thread_blocked, id=21172, stack(0x0000000019b00000,0x0000000019c00000)]
=>0x0000000017e9e000 JavaThread "C2 CompilerThread1" daemon [_thread_in_native, id=21176, stack(0x0000000019600000,0x0000000019700000)]
  0x0000000017e95800 JavaThread "C2 CompilerThread0" daemon [_thread_in_native, id=24620, stack(0x0000000019500000,0x0000000019600000)]
  0x0000000017e91800 JavaThread "Attach Listener" daemon [_thread_blocked, id=7208, stack(0x0000000019400000,0x0000000019500000)]
  0x0000000017e90000 JavaThread "Signal Dispatcher" daemon [_thread_blocked, id=24736, stack(0x0000000019300000,0x0000000019400000)]
  0x0000000017e7f800 JavaThread "Finalizer" daemon [_thread_blocked, id=8892, stack(0x00000000190f0000,0x00000000191f0000)]
  0x0000000017e59000 JavaThread "Reference Handler" daemon [_thread_blocked, id=8256, stack(0x0000000018ff0000,0x00000000190f0000)]
  0x0000000003255000 JavaThread "main" [_thread_in_vm, id=24876, stack(0x0000000003150000,0x0000000003250000)]

Other Threads:
  0x0000000017e57800 VMThread [stack: 0x0000000018ef0000,0x0000000018ff0000] [id=9684]
  0x000000001977a000 WatcherThread [stack: 0x0000000019d00000,0x0000000019e00000] [id=7696]

VM state:not at safepoint (normal execution)

VM Mutex/Monitor currently owned by a thread: None

Heap:
 PSYoungGen      total 38400K, used 25749K [0x00000000d5e00000, 0x00000000d8880000, 0x0000000100000000)
  eden space 33280K, 77% used [0x00000000d5e00000,0x00000000d77256e8,0x00000000d7e80000)
  from space 5120K, 0% used [0x00000000d8380000,0x00000000d8380000,0x00000000d8880000)
  to   space 5120K, 0% used [0x00000000d7e80000,0x00000000d7e80000,0x00000000d8380000)
 ParOldGen       total 87552K, used 0K [0x0000000081a00000, 0x0000000086f80000, 0x00000000d5e00000)
  object space 87552K, 0% used [0x0000000081a00000,0x0000000081a00000,0x0000000086f80000)
 Metaspace       used 15872K, capacity 16150K, committed 16512K, reserved 1062912K
  class space    used 2057K, capacity 2145K, committed 2176K, reserved 1048576K

Card table byte_map: [0x0000000012710000,0x0000000012b10000] byte_map_base: 0x0000000012303000

Marking Bits: (ParMarkBitMap*) 0x0000000073872d00
 Begin Bits: [0x00000000131c0000, 0x0000000015158000)
 End Bits:   [0x0000000015158000, 0x00000000170f0000)

Polling page: 0x0000000001770000

CodeCache: size=245760Kb used=5102Kb max_used=5102Kb free=240657Kb
 bounds [0x0000000003350000, 0x0000000003850000, 0x0000000012350000]
 total_blobs=2049 nmethods=1508 adapters=452
 compilation: enabled

Compilation events (10 events):
Event: 7.247 Thread 0x0000000019718800 nmethod 1519 0x0000000003844650 code [0x00000000038447e0, 0x0000000003844d88]
Event: 7.247 Thread 0x0000000019718800 1520  s!   3       javax.swing.text.AbstractDocument::writeLock (86 bytes)
Event: 7.247 Thread 0x0000000019718800 nmethod 1520 0x0000000003843a10 code [0x0000000003843be0, 0x00000000038443e8]
Event: 7.248 Thread 0x0000000019718800 1521  s!   3       java.awt.Component::setDropTarget (146 bytes)
Event: 7.249 Thread 0x0000000019718800 nmethod 1521 0x0000000003847b90 code [0x0000000003847d80, 0x0000000003848978]
Event: 7.249 Thread 0x0000000019718800 1522       3       java.security.CodeSource::equals (60 bytes)
Event: 7.249 Thread 0x0000000019718800 nmethod 1522 0x0000000003848dd0 code [0x0000000003848f80, 0x0000000003849758]
Event: 7.249 Thread 0x0000000019718800 1523       3       java.net.URLStreamHandler::sameFile (136 bytes)
Event: 7.250 Thread 0x0000000019718800 nmethod 1523 0x0000000003849910 code [0x0000000003849ae0, 0x000000000384ab28]
Event: 7.250 Thread 0x0000000019718800 1524       3       javax.swing.AbstractButton::setEnabled (42 bytes)

GC Heap History (0 events):
No events

Deoptimization events (10 events):
Event: 0.729 Thread 0x000000001a3a6800 Uncommon trap: reason=class_check action=maybe_recompile pc=0x000000000363eb60 method=java.util.HashMap.putVal(ILjava/lang/Object;Ljava/lang/Object;ZZ)Ljava/lang/Object; @ 91
Event: 0.729 Thread 0x000000001a3a6800 Uncommon trap: reason=class_check action=maybe_recompile pc=0x000000000363eba8 method=java.util.HashMap.putVal(ILjava/lang/Object;Ljava/lang/Object;ZZ)Ljava/lang/Object; @ 203
Event: 0.729 Thread 0x000000001a3a6800 Uncommon trap: reason=class_check action=maybe_recompile pc=0x000000000363eba8 method=java.util.HashMap.putVal(ILjava/lang/Object;Ljava/lang/Object;ZZ)Ljava/lang/Object; @ 203
Event: 0.773 Thread 0x0000000003255000 Uncommon trap: reason=class_check action=maybe_recompile pc=0x00000000034b6520 method=java.lang.String.equals(Ljava/lang/Object;)Z @ 8
Event: 0.775 Thread 0x0000000003255000 Uncommon trap: reason=class_check action=maybe_recompile pc=0x00000000034b6520 method=java.lang.String.equals(Ljava/lang/Object;)Z @ 8
Event: 0.776 Thread 0x0000000003255000 Uncommon trap: reason=class_check action=maybe_recompile pc=0x00000000034b6520 method=java.lang.String.equals(Ljava/lang/Object;)Z @ 8
Event: 0.776 Thread 0x0000000003255000 Uncommon trap: reason=class_check action=maybe_recompile pc=0x00000000034b6520 method=java.lang.String.equals(Ljava/lang/Object;)Z @ 8
Event: 0.909 Thread 0x0000000003255000 Uncommon trap: reason=bimorphic action=maybe_recompile pc=0x000000000365e438 method=javax.swing.UIDefaults.getFromHashtable(Ljava/lang/Object;)Ljava/lang/Object; @ 126
Event: 0.943 Thread 0x000000001a6fe000 Uncommon trap: reason=unstable_if action=reinterpret pc=0x00000000036ca664 method=sun.awt.SunToolkit.getAppContext(Ljava/lang/Object;)Lsun/awt/AppContext; @ 4
Event: 5.951 Thread 0x0000000003255000 Uncommon trap: reason=bimorphic action=maybe_recompile pc=0x000000000365e438 method=javax.swing.UIDefaults.getFromHashtable(Ljava/lang/Object;)Ljava/lang/Object; @ 126

Classes redefined (0 events):
No events

Internal exceptions (10 events):
Event: 0.880 Thread 0x0000000003255000 Exception <a 'java/lang/ClassNotFoundException': ToolBar> (0x00000000d6e8fdd0) thrown at [C:\re\workspace\8-2-build-windows-amd64-cygwin\jdk8u181\11358\hotspot\src\share\vm\classfile\systemDictionary.cpp, line 210]
Event: 0.880 Thread 0x0000000003255000 Exception <a 'java/lang/ClassNotFoundException': ToggleButton> (0x00000000d6e90380) thrown at [C:\re\workspace\8-2-build-windows-amd64-cygwin\jdk8u181\11358\hotspot\src\share\vm\classfile\systemDictionary.cpp, line 210]
Event: 0.880 Thread 0x0000000003255000 Exception <a 'java/lang/ClassNotFoundException': javax/swing/JToolBarSeparator> (0x00000000d6e907e0) thrown at [C:\re\workspace\8-2-build-windows-amd64-cygwin\jdk8u181\11358\hotspot\src\share\vm\classfile\systemDictionary.cpp, line 210]
Event: 0.880 Thread 0x0000000003255000 Exception <a 'java/lang/ClassNotFoundException': ToolBarSeparator> (0x00000000d6e90c78) thrown at [C:\re\workspace\8-2-build-windows-amd64-cygwin\jdk8u181\11358\hotspot\src\share\vm\classfile\systemDictionary.cpp, line 210]
Event: 0.880 Thread 0x0000000003255000 Exception <a 'java/lang/ClassNotFoundException': ToolTip> (0x00000000d6e91310) thrown at [C:\re\workspace\8-2-build-windows-amd64-cygwin\jdk8u181\11358\hotspot\src\share\vm\classfile\systemDictionary.cpp, line 210]
Event: 0.880 Thread 0x0000000003255000 Exception <a 'java/lang/ClassNotFoundException': Tree> (0x00000000d6e919a0) thrown at [C:\re\workspace\8-2-build-windows-amd64-cygwin\jdk8u181\11358\hotspot\src\share\vm\classfile\systemDictionary.cpp, line 210]
Event: 0.880 Thread 0x0000000003255000 Exception <a 'java/lang/ClassNotFoundException': Tree> (0x00000000d6e92098) thrown at [C:\re\workspace\8-2-build-windows-amd64-cygwin\jdk8u181\11358\hotspot\src\share\vm\classfile\systemDictionary.cpp, line 210]
Event: 0.880 Thread 0x0000000003255000 Exception <a 'java/lang/ClassNotFoundException': javax/swing/JTreeCell> (0x00000000d6e92418) thrown at [C:\re\workspace\8-2-build-windows-amd64-cygwin\jdk8u181\11358\hotspot\src\share\vm\classfile\systemDictionary.cpp, line 210]
Event: 0.880 Thread 0x0000000003255000 Exception <a 'java/lang/ClassNotFoundException': TreeCell> (0x00000000d6e928a0) thrown at [C:\re\workspace\8-2-build-windows-amd64-cygwin\jdk8u181\11358\hotspot\src\share\vm\classfile\systemDictionary.cpp, line 210]
Event: 0.880 Thread 0x0000000003255000 Exception <a 'java/lang/ClassNotFoundException': RootPane> (0x00000000d6e930c0) thrown at [C:\re\workspace\8-2-build-windows-amd64-cygwin\jdk8u181\11358\hotspot\src\share\vm\classfile\systemDictionary.cpp, line 210]

Events (10 events):
Event: 7.223 Executing VM operation: BulkRevokeBias
Event: 7.223 Executing VM operation: BulkRevokeBias done
Event: 7.234 Executing VM operation: BulkRevokeBias
Event: 7.234 Executing VM operation: BulkRevokeBias done
Event: 7.247 loading class javax/swing/JList$3
Event: 7.247 loading class javax/swing/JList$3 done
Event: 7.247 loading class kbctFrames/JExpertFrame$1$1
Event: 7.247 loading class kbctFrames/JExpertFrame$1$1 done
Event: 7.248 loading class kbctFrames/JExpertFrame$2$1
Event: 7.248 loading class kbctFrames/JExpertFrame$2$1 done


Dynamic libraries:
0x00007ff6feed0000 - 0x00007ff6fef07000 	C:\Program Files\Java\jre1.8.0_181\bin\javaw.exe
0x00007ffdd6140000 - 0x00007ffdd6321000 	C:\WINDOWS\SYSTEM32\ntdll.dll
0x00007ffdd5a90000 - 0x00007ffdd5b42000 	C:\WINDOWS\System32\KERNEL32.DLL
0x00007ffdd3250000 - 0x00007ffdd34c3000 	C:\WINDOWS\System32\KERNELBASE.dll
0x00007ffdd59a0000 - 0x00007ffdd5a41000 	C:\WINDOWS\System32\ADVAPI32.dll
0x00007ffdd3770000 - 0x00007ffdd380e000 	C:\WINDOWS\System32\msvcrt.dll
0x00007ffdd58e0000 - 0x00007ffdd593b000 	C:\WINDOWS\System32\sechost.dll
0x00007ffdd5300000 - 0x00007ffdd5424000 	C:\WINDOWS\System32\RPCRT4.dll
0x00007ffdd54b0000 - 0x00007ffdd5640000 	C:\WINDOWS\System32\USER32.dll
0x00007ffdd2690000 - 0x00007ffdd26b0000 	C:\WINDOWS\System32\win32u.dll
0x00007ffdd5a60000 - 0x00007ffdd5a88000 	C:\WINDOWS\System32\GDI32.dll
0x00007ffdd30b0000 - 0x00007ffdd3242000 	C:\WINDOWS\System32\gdi32full.dll
0x00007ffdd3530000 - 0x00007ffdd35cf000 	C:\WINDOWS\System32\msvcp_win.dll
0x00007ffdd26b0000 - 0x00007ffdd27aa000 	C:\WINDOWS\System32\ucrtbase.dll
0x00007ffdc9b20000 - 0x00007ffdc9d89000 	C:\WINDOWS\WinSxS\amd64_microsoft.windows.common-controls_6595b64144ccf1df_6.0.17134.407_none_fb449d63306391e9\COMCTL32.dll
0x00007ffdd5de0000 - 0x00007ffdd6102000 	C:\WINDOWS\System32\combase.dll
0x00007ffdd2510000 - 0x00007ffdd258a000 	C:\WINDOWS\System32\bcryptPrimitives.dll
0x00007ffdd5830000 - 0x00007ffdd585d000 	C:\WINDOWS\System32\IMM32.DLL
0x0000000073a90000 - 0x0000000073b62000 	C:\Program Files\Java\jre1.8.0_181\bin\msvcr100.dll
0x0000000073050000 - 0x00000000738f2000 	C:\Program Files\Java\jre1.8.0_181\bin\server\jvm.dll
0x00007ffdd5a50000 - 0x00007ffdd5a58000 	C:\WINDOWS\System32\PSAPI.DLL
0x00007ffdcbbe0000 - 0x00007ffdcbc03000 	C:\WINDOWS\SYSTEM32\WINMM.dll
0x00007ffdd12b0000 - 0x00007ffdd12b9000 	C:\WINDOWS\SYSTEM32\WSOCK32.dll
0x00007ffdc7e60000 - 0x00007ffdc7e6a000 	C:\WINDOWS\SYSTEM32\VERSION.dll
0x00007ffdd57c0000 - 0x00007ffdd582c000 	C:\WINDOWS\System32\WS2_32.dll
0x00007ffdcbb10000 - 0x00007ffdcbb3a000 	C:\WINDOWS\SYSTEM32\winmmbase.dll
0x00007ffdd2590000 - 0x00007ffdd25d9000 	C:\WINDOWS\System32\cfgmgr32.dll
0x0000000073c30000 - 0x0000000073c3f000 	C:\Program Files\Java\jre1.8.0_181\bin\verify.dll
0x0000000073c00000 - 0x0000000073c29000 	C:\Program Files\Java\jre1.8.0_181\bin\java.dll
0x0000000073be0000 - 0x0000000073bf6000 	C:\Program Files\Java\jre1.8.0_181\bin\zip.dll
0x00007ffdd3810000 - 0x00007ffdd4c4f000 	C:\WINDOWS\System32\SHELL32.dll
0x00007ffdd5cd0000 - 0x00007ffdd5d79000 	C:\WINDOWS\System32\shcore.dll
0x00007ffdd27b0000 - 0x00007ffdd2ebd000 	C:\WINDOWS\System32\windows.storage.dll
0x00007ffdd5940000 - 0x00007ffdd5991000 	C:\WINDOWS\System32\shlwapi.dll
0x00007ffdd24f0000 - 0x00007ffdd2501000 	C:\WINDOWS\System32\kernel.appcore.dll
0x00007ffdd2450000 - 0x00007ffdd246f000 	C:\WINDOWS\System32\profapi.dll
0x00007ffdd24a0000 - 0x00007ffdd24ec000 	C:\WINDOWS\System32\powrprof.dll
0x00007ffdd2470000 - 0x00007ffdd247a000 	C:\WINDOWS\System32\FLTLIB.DLL
0x0000000072eb0000 - 0x0000000073049000 	C:\Program Files\Java\jre1.8.0_181\bin\awt.dll
0x00007ffdd5140000 - 0x00007ffdd5202000 	C:\WINDOWS\System32\OLEAUT32.dll
0x00007ffdcfa70000 - 0x00007ffdcfafb000 	C:\WINDOWS\SYSTEM32\apphelp.dll
0x00007ffdcf2b0000 - 0x00007ffdcf348000 	C:\WINDOWS\system32\uxtheme.dll
0x00007ffdd5640000 - 0x00007ffdd57b3000 	C:\WINDOWS\System32\MSCTF.dll
0x00007ffdd0a60000 - 0x00007ffdd0a89000 	C:\WINDOWS\system32\dwmapi.dll
0x00007ffdd5b70000 - 0x00007ffdd5cc1000 	C:\WINDOWS\System32\ole32.dll
0x00000000691c0000 - 0x000000006938b000 	C:\Program Files\FisPro\FISPRO-3.5\bin\jnifis.dll
0x00007ffdb8150000 - 0x00007ffdb8270000 	C:\WINDOWS\system32\opengl32.dll
0x00007ffdc18f0000 - 0x00007ffdc191c000 	C:\WINDOWS\SYSTEM32\GLU32.dll
0x0000000073a00000 - 0x0000000073a47000 	C:\Program Files\Java\jre1.8.0_181\bin\fontmanager.dll
0x0000000073bc0000 - 0x0000000073bda000 	C:\Program Files\Java\jre1.8.0_181\bin\net.dll
0x00007ffdd1cd0000 - 0x00007ffdd1d36000 	C:\WINDOWS\system32\mswsock.dll
0x0000000073ba0000 - 0x0000000073bb1000 	C:\Program Files\Java\jre1.8.0_181\bin\nio.dll
0x00000000739b0000 - 0x00000000739f2000 	C:\Program Files\Java\jre1.8.0_181\bin\t2k.dll
0x00007ffdd4c50000 - 0x00007ffdd4cf0000 	C:\WINDOWS\System32\clbcatq.dll
0x00007ffdcfc30000 - 0x00007ffdcfdde000 	C:\WINDOWS\SYSTEM32\WindowsCodecs.dll
0x00007ffdce770000 - 0x00007ffdce7c8000 	C:\WINDOWS\system32\dataexchange.dll
0x00007ffdcb0b0000 - 0x00007ffdcb24c000 	C:\WINDOWS\system32\dcomp.dll
0x00007ffdcdf00000 - 0x00007ffdce20b000 	C:\WINDOWS\system32\d3d11.dll
0x00007ffdd10e0000 - 0x00007ffdd119b000 	C:\WINDOWS\system32\dxgi.dll
0x00007ffdd0780000 - 0x00007ffdd0938000 	C:\WINDOWS\system32\twinapi.appcore.dll
0x00007ffdd09f0000 - 0x00007ffdd0a11000 	C:\WINDOWS\system32\RMCLIENT.dll
0x00007ffdc0d70000 - 0x00007ffdc0e06000 	C:\WINDOWS\System32\TextInputFramework.dll
0x00007ffdc0700000 - 0x00007ffdc0a1e000 	C:\WINDOWS\System32\CoreUIComponents.dll
0x00007ffdcee80000 - 0x00007ffdcef5a000 	C:\WINDOWS\System32\CoreMessaging.dll
0x00007ffdd1510000 - 0x00007ffdd1541000 	C:\WINDOWS\SYSTEM32\ntmarta.dll
0x00007ffdce3b0000 - 0x00007ffdce4fd000 	C:\WINDOWS\SYSTEM32\wintypes.dll

VM Arguments:
jvm_args: -Djava.library.path=C:\Program Files\FisPro\FISPRO-3.5\bin -Dfile.encoding=Cp1252 
java_command: kbct.MainKBCT -Djava.library.path = ”C:\Program Files\FisPro\FISPRO-3.5\bin; $ {env_var: PATH}”
java_class_path (initial): C:\Users\Laura Moreno\workspace\dd\bin;C:\Users\Laura Moreno\workspace\librerias\umlgraph5.2.jar;C:\Users\Laura Moreno\workspace\librerias\weka.jar;C:\Users\Laura Moreno\workspace\librerias\xercesImpl.jar;C:\Users\Laura Moreno\workspace\librerias\xfuzzy.jar;C:\Users\Laura Moreno\workspace\librerias\xml-apis-ext.jar;C:\Users\Laura Moreno\workspace\librerias\xsdlib.jar;C:\Users\Laura Moreno\workspace\librerias\relaxngDatatype.jar;C:\Users\Laura Moreno\workspace\librerias\RunKeel.jar;C:\Users\Laura Moreno\workspace\librerias\SMOTE-I.jar;C:\Users\Laura Moreno\workspace\librerias\jena.jar;C:\Users\Laura Moreno\workspace\librerias\JFML-v1.2.jar;C:\Users\Laura Moreno\workspace\librerias\log4j-1.2.12.jar;C:\Users\Laura Moreno\workspace\librerias\ore-api.jar;C:\Users\Laura Moreno\workspace\librerias\ORE-UMU.jar;C:\Users\Laura Moreno\workspace\librerias\owlapi-api.jar;C:\Users\Laura Moreno\workspace\librerias\owlapi-apibinding.jar;C:\Users\Laura Moreno\workspace\librerias\owlapi-change.jar;C:\Users\Laura Moreno\workspace\librerias\owlapi-debugging.jar;C:\Users\Laura Moreno\workspace\librerias\owlapi-dig1_1.jar;C:\Users\Laura Moreno\workspace\librerias\owlapi-functionalparser.jar;C:\Users\Laura Moreno\workspace\librerias\owlapi-functionalrenderer.jar;C:\Users\Laura Moreno\workspace\librerias\owlapi-impl.jar;C:\Users\Laura Moreno\workspace\librerias\owlapi-krssparser.jar;C:\Users\Laura Moreno\workspace\librerias\owlapi-metrics.jar;C:\Users\Laura Moreno\workspace\librerias\owlapi-oboparser.jar;C:\Users\Laura Moreno\workspace\librerias\owlapi-owlxmlparser.jar;C:\Users\Laura Moreno\workspace\librerias\owlapi-owlxmlrenderer.jar;C:\Users\Laura Moreno\workspace\librerias\owlapi-rdfapi.jar;C:\Users\Laura Moreno\workspace\librerias\owlapi-rdfxmlparser.jar;C:\Users\Laura Moreno\workspace\librerias\owlapi-rdfxmlrenderer.jar;C:\Users\Laura Moreno\workspace\librerias\owlapi-util.jar;C:\Users\Laura Moreno\workspace\librerias\aterm-java-1.6.jar;C:\Users\Laura Mor
Launcher Type: SUN_STANDARD

Environment Variables:
USERNAME=LauraMoreno
OS=Windows_NT
PROCESSOR_IDENTIFIER=Intel64 Family 6 Model 78 Stepping 3, GenuineIntel



---------------  S Y S T E M  ---------------

OS: Windows 10.0 , 64 bit Build 17134 (10.0.17134.1)

CPU:total 4 (initial active 4) (2 cores per cpu, 2 threads per core) family 6 model 78 stepping 3, cmov, cx8, fxsr, mmx, sse, sse2, sse3, ssse3, sse4.1, sse4.2, popcnt, avx, avx2, aes, clmul, erms, 3dnowpref, lzcnt, ht, tsc, tscinvbit, bmi1, bmi2, adx

Memory: 4k page, physical 8276896k(1707520k free), swap 33442720k(5128k free)

vm_info: Java HotSpot(TM) 64-Bit Server VM (25.181-b13) for windows-amd64 JRE (1.8.0_181-b13), built on Jul  7 2018 04:01:33 by "java_re" with MS VC++ 10.0 (VS2010)

time: Wed Dec 05 12:13:52 2018
elapsed time: 7 seconds (0d 0h 0m 7s)

